<?xml version="1.0" encoding="UTF-8"?>
<!-- Generated by org.testng.reporters.JUnitReportReporter -->
<testsuite hostname="DESKTOP-PKRGAQS" failures="0" tests="1" name="Package1.DD" time="40.316" errors="0" timestamp="2022-12-20T11:29:41 IST" skipped="0">
  <testcase classname="Package1.DD" name="datadriven" time="40.316"/>
  <system-out/>
</testsuite> <!-- Package1.DD -->
