<?xml version="1.0" encoding="UTF-8"?>
<!-- Generated by org.testng.reporters.JUnitReportReporter -->
<testsuite hostname="DESKTOP-PKRGAQS" failures="0" tests="1" name="Runner.Test_Runner" time="44.417" errors="0" timestamp="2022-12-16T13:17:27 IST" skipped="0">
  <testcase classname="Runner.Test_Runner" name="runScenario" time="44.417"/>
  <system-out/>
</testsuite> <!-- Runner.Test_Runner -->
