<?xml version="1.0" encoding="UTF-8"?>
<!-- Generated by org.testng.reporters.JUnitReportReporter -->
<testsuite hostname="DESKTOP-PKRGAQS" failures="0" tests="1" name="Package2.group" time="0.016" errors="0" timestamp="2022-12-14T12:53:19 IST" skipped="0">
  <testcase classname="Package2.group" name="testcase2" time="0.016"/>
  <system-out/>
</testsuite> <!-- Package2.group -->
