<?xml version="1.0" encoding="UTF-8"?>
<!-- Generated by org.testng.reporters.JUnitReportReporter -->
<testsuite hostname="DESKTOP-PKRGAQS" failures="0" tests="1" name="Package2.JSE" time="3.302" errors="0" timestamp="2022-12-16T16:28:14 IST" skipped="0">
  <testcase classname="Package2.JSE" name="tc1" time="3.302"/>
  <system-out/>
</testsuite> <!-- Package2.JSE -->
