<?xml version="1.0" encoding="UTF-8"?>
<!-- Generated by org.testng.reporters.JUnitReportReporter -->
<testsuite hostname="DESKTOP-PKRGAQS" failures="0" tests="2" name="Package1.NewTest" time="6.760" errors="0" timestamp="2022-12-12T09:26:10 IST" skipped="1">
  <testcase classname="Package1.NewTest" name="login" time="6.760"/>
  <system-out/>
  <testcase classname="Package1.NewTest" name="signin">
    <skipped/>
  </testcase> <!-- signin -->
  <system-out/>
</testsuite> <!-- Package1.NewTest -->
