<?xml version="1.0" encoding="UTF-8"?>
<!-- Generated by org.testng.reporters.JUnitReportReporter -->
<testsuite hostname="DESKTOP-PKRGAQS" failures="0" tests="3" name="Package2.NewTest" time="56.610" errors="0" timestamp="2022-12-13T15:37:43 IST" skipped="2">
  <testcase classname="Package2.NewTest" name="browser_windows" time="56.610"/>
  <system-out/>
  <testcase classname="Package2.NewTest" name="Aletrs">
    <skipped/>
  </testcase> <!-- Aletrs -->
  <system-out/>
  <testcase classname="Package2.NewTest" name="uploadingfile">
    <skipped/>
  </testcase> <!-- uploadingfile -->
  <system-out/>
</testsuite> <!-- Package2.NewTest -->
