<?xml version="1.0" encoding="UTF-8"?>
<!-- Generated by org.testng.reporters.JUnitReportReporter -->
<testsuite hostname="DESKTOP-PKRGAQS" failures="0" tests="1" name="Package1.mousefunc" time="9.636" errors="0" timestamp="2022-12-09T15:31:35 IST" skipped="0">
  <testcase classname="Package1.mousefunc" name="f" time="9.636"/>
  <system-out/>
</testsuite> <!-- Package1.mousefunc -->
