<?xml version="1.0" encoding="UTF-8"?>
<!-- Generated by org.testng.reporters.JUnitReportReporter -->
<testsuite hostname="DESKTOP-PKRGAQS" failures="0" tests="2" name="Package2.Parallel_Test" time="80.206" errors="0" timestamp="2022-12-14T11:25:47 IST" skipped="0">
  <testcase classname="Package2.Parallel_Test" name="f" time="19.160"/>
  <system-out/>
  <testcase classname="Package2.Parallel_Test" name="f" time="61.046"/>
  <system-out/>
</testsuite> <!-- Package2.Parallel_Test -->
