<?xml version="1.0" encoding="UTF-8"?>
<!-- Generated by org.testng.reporters.JUnitReportReporter -->
<testsuite hostname="DESKTOP-PKRGAQS" failures="0" tests="1" name="Package1.frames" time="0.290" errors="0" timestamp="2022-12-20T12:48:33 IST" skipped="0">
  <testcase classname="Package1.frames" name="frames" time="0.290"/>
  <system-out/>
</testsuite> <!-- Package1.frames -->
