<?xml version="1.0" encoding="UTF-8"?>
<!-- Generated by org.testng.reporters.JUnitReportReporter -->
<testsuite hostname="DESKTOP-PKRGAQS" failures="0" tests="1" name="Package1.DT" time="1.786" errors="0" timestamp="2022-12-20T14:33:35 IST" skipped="0">
  <testcase classname="Package1.DT" name="DateT" time="1.786"/>
  <system-out/>
</testsuite> <!-- Package1.DT -->
