<?xml version="1.0" encoding="UTF-8"?>
<!-- Generated by org.testng.reporters.JUnitReportReporter -->
<testsuite hostname="DESKTOP-PKRGAQS" failures="0" tests="1" name="Package1.Hover" time="9.356" errors="0" timestamp="2022-12-20T16:41:30 IST" skipped="0">
  <testcase classname="Package1.Hover" name="ho" time="9.356"/>
  <system-out/>
</testsuite> <!-- Package1.Hover -->
