<?xml version="1.0" encoding="UTF-8"?>
<!-- Generated by org.testng.reporters.JUnitReportReporter -->
<testsuite hostname="DESKTOP-PKRGAQS" failures="0" tests="1" name="Package1.Slider" time="3.984" errors="0" timestamp="2022-12-20T15:44:11 IST" skipped="0">
  <testcase classname="Package1.Slider" name="sl" time="3.984"/>
  <system-out/>
</testsuite> <!-- Package1.Slider -->
