<?xml version="1.0" encoding="UTF-8"?>
<!-- Generated by org.testng.reporters.JUnitReportReporter -->
<testsuite hostname="DESKTOP-PKRGAQS" failures="0" tests="1" name="Package1.modaldialogs" time="7.626" errors="0" timestamp="2022-12-20T12:58:45 IST" skipped="0">
  <testcase classname="Package1.modaldialogs" name="Modal" time="7.626"/>
  <system-out/>
</testsuite> <!-- Package1.modaldialogs -->
