<?xml version="1.0" encoding="UTF-8"?>
<!-- Generated by org.testng.reporters.JUnitReportReporter -->
<testsuite hostname="DESKTOP-PKRGAQS" failures="0" tests="1" name="Package1.TAB" time="16.548" errors="0" timestamp="2022-12-20T15:54:30 IST" skipped="0">
  <testcase classname="Package1.TAB" name="tb" time="16.548"/>
  <system-out/>
</testsuite> <!-- Package1.TAB -->
