<?xml version="1.0" encoding="UTF-8"?>
<!-- Generated by org.testng.reporters.JUnitReportReporter -->
<testsuite hostname="DESKTOP-PKRGAQS" failures="0" tests="1" name="Package1.selectable" time="21.749" errors="0" timestamp="2022-12-21T21:20:35 IST" skipped="0">
  <testcase classname="Package1.selectable" name="st" time="21.749"/>
  <system-out/>
</testsuite> <!-- Package1.selectable -->
